0 info it worked if it ends with ok
1 verbose cli [ 'C:\\Program Files (x86)\\nodejs\\node.exe',
1 verbose cli   'C:\\Program Files (x86)\\nodejs\\node_modules\\npm\\bin\\npm-cli.js',
1 verbose cli   'start' ]
2 info using npm@2.14.7
3 info using node@v4.2.1
4 verbose run-script [ 'prestart', 'start', 'poststart' ]
5 info prestart live-polling@0.0.1
6 verbose unsafe-perm in lifecycle true
7 info start live-polling@0.0.1
8 verbose unsafe-perm in lifecycle true
9 info live-polling@0.0.1 Failed to exec start script
10 verbose stack Error: live-polling@0.0.1 start: `node app-server.js`
10 verbose stack Exit status 3221225786
10 verbose stack     at EventEmitter.<anonymous> (C:\Program Files (x86)\nodejs\node_modules\npm\lib\utils\lifecycle.js:214:16)
10 verbose stack     at emitTwo (events.js:87:13)
10 verbose stack     at EventEmitter.emit (events.js:172:7)
10 verbose stack     at ChildProcess.<anonymous> (C:\Program Files (x86)\nodejs\node_modules\npm\lib\utils\spawn.js:24:14)
10 verbose stack     at emitTwo (events.js:87:13)
10 verbose stack     at ChildProcess.emit (events.js:172:7)
10 verbose stack     at maybeClose (internal/child_process.js:818:16)
10 verbose stack     at Process.ChildProcess._handle.onexit (internal/child_process.js:211:5)
11 verbose pkgid live-polling@0.0.1
12 verbose cwd C:\Users\FireSale-PC\Desktop\michael files\__react_projects
13 error Windows_NT 10.0.10586
14 error argv "C:\\Program Files (x86)\\nodejs\\node.exe" "C:\\Program Files (x86)\\nodejs\\node_modules\\npm\\bin\\npm-cli.js" "start"
15 error node v4.2.1
16 error npm  v2.14.7
17 error code ELIFECYCLE
18 error live-polling@0.0.1 start: `node app-server.js`
18 error Exit status 3221225786
19 error Failed at the live-polling@0.0.1 start script 'node app-server.js'.
19 error This is most likely a problem with the live-polling package,
19 error not with npm itself.
19 error Tell the author that this fails on your system:
19 error     node app-server.js
19 error You can get their info via:
19 error     npm owner ls live-polling
19 error There is likely additional logging output above.
20 verbose exit [ 1, true ]
